1586684566082:fa 1
1586684792424:allBook
1586685052326:delb 1
1586685057698:fab
1586685616778:ub 1
1586685649460:ub 1 "Судная ночь" 1 1
1586685817693:stacktrace
1586685903510:ub 1 "судная ночь" 1 1
1586686022293:fab
1586686387636:dg 1
1586690287369:афи
1586690291069:fab
1586697519998:fa 1000
1586698068553:fab
1586698103678:delb 51
1586698107548:fab
1586698220182:ub 1 "Скучное" 1001 100
1586698223971:fab
1586699688598:fag
1586700111559:dg 100
1586700135825:ug 100 ""кука
1586700141261:fag
1586703767590:insa 3000 ""уп
1586703795194:insa 3000 "Пуп" 2020-01-01 "Рус"
1586703808878:insa 3000 "Пуп" '2020-01-01' "Рус"
1586703825648:insa 3000 "Пуп" 20200101 "Рус"
1586703984997:insa 3000 "П" ""2-12-
1586704006504:insa 3000 "П" "12-12-2020" "F"
1586704204938:афф
1586704206858:faa
1586704251532:insa 3000 "П" "12-12-2020" "F"
1586704253898:faa
1586704797507:da 1000
